<?xml version="1.0" encoding="UTF-8"?>
<!-- Generated by org.testng.reporters.JUnitReportReporter -->
<testsuite hostname="DESKTOP-LLLGMOJ" failures="0" tests="1" name="testscripts.HtmlUnitDriverExample" time="4.041" errors="0" timestamp="2023-10-25T21:52:18 IST" skipped="0">
  <testcase classname="testscripts.HtmlUnitDriverExample" name="testCase2" time="4.041"/>
  <system-out/>
</testsuite> <!-- testscripts.HtmlUnitDriverExample -->
