<?xml version="1.0" encoding="UTF-8"?>
<!-- Generated by org.testng.reporters.JUnitReportReporter -->
<testsuite hostname="DESKTOP-LLLGMOJ" failures="0" tests="1" name="testscripts.SwagLabLoginValidation" time="1.744" errors="0" timestamp="2024-01-22T09:21:59 IST" skipped="0">
  <testcase classname="testscripts.SwagLabLoginValidation" name="testLoginLogout" time="1.744"/>
  <system-out/>
</testsuite> <!-- testscripts.SwagLabLoginValidation -->
