<?xml version="1.0" encoding="UTF-8"?>
<!-- Generated by org.testng.reporters.JUnitReportReporter -->
<testsuite skipped="0" hostname="DESKTOP-LLLGMOJ" name="testscripts.TestOrangeHrmPim" tests="2" failures="0" timestamp="2024-01-26T12:59:05 IST" time="68.507" errors="0">
  <testcase name="testPimCreation" time="30.254" classname="testscripts.TestOrangeHrmPim"/>
  <system-out/>
  <testcase name="testPimDeletion" time="38.253" classname="testscripts.TestOrangeHrmPim"/>
  <system-out/>
</testsuite> <!-- testscripts.TestOrangeHrmPim -->
