<?xml version="1.0" encoding="UTF-8"?>
<!-- Generated by org.testng.reporters.JUnitReportReporter -->
<testsuite hostname="DESKTOP-LLLGMOJ" failures="0" tests="6" name="runner.TestRunner" time="65.368" errors="0" timestamp="2024-01-29T09:15:29 IST" skipped="0">
  <testcase classname="runner.TestRunner" name="runScenario" time="9.853"/>
  <testcase classname="runner.TestRunner" name="runScenario" time="6.581"/>
  <testcase classname="runner.TestRunner" name="runScenario" time="21.494"/>
  <testcase classname="runner.TestRunner" name="runScenario" time="6.532"/>
  <testcase classname="runner.TestRunner" name="runScenario" time="14.647"/>
  <testcase classname="runner.TestRunner" name="runScenario" time="6.261"/>
</testsuite> <!-- runner.TestRunner -->
